
> students@0.0.0 dev
> vite

Port 5000 is in use, trying another one...
Port 5001 is in use, trying another one...
Port 5002 is in use, trying another one...

  VITE v6.4.1  ready in 315 ms

  ➜  Local:   http://localhost:5003/
  ➜  Network: http://192.168.0.2:5003/
[BABEL] Note: The code generator has deoptimised the styling of /app/components/AdminDashboard.tsx as it exceeds the max of 500KB.
3:18:43 AM [vite] (client) hmr update /App.tsx, /components/SubjectSelection.tsx, /components/StudentDashboard.tsx, /components/AdminDashboard.tsx, /components/StudentAiAssistant.tsx, /components/SyllabusManager.tsx, /components/admin/ChallengeCreator20.tsx, /components/PdfView.tsx, /components/RevisionHub.tsx, /components/admin/FeatureAccessPage.tsx
3:20:40 AM [vite] (client) hmr update /App.tsx, /components/SubjectSelection.tsx, /components/StudentDashboard.tsx, /components/AdminDashboard.tsx, /components/StudentAiAssistant.tsx, /components/SyllabusManager.tsx, /components/admin/ChallengeCreator20.tsx, /components/PdfView.tsx, /components/RevisionHub.tsx, /components/admin/FeatureAccessPage.tsx
3:22:32 AM [vite] (client) hmr update /App.tsx, /components/SubjectSelection.tsx, /components/StudentDashboard.tsx, /components/AdminDashboard.tsx, /components/StudentAiAssistant.tsx, /components/SyllabusManager.tsx, /components/admin/ChallengeCreator20.tsx, /components/PdfView.tsx, /components/RevisionHub.tsx, /components/admin/FeatureAccessPage.tsx
4:18:47 AM [vite] (client) hmr update /components/StudentDashboard.tsx, /components/PdfView.tsx, /components/admin/FeatureGroupList.tsx
4:19:26 AM [vite] (client) hmr update /components/admin/FeatureAccessPage.tsx
4:30:18 AM [vite] (client) hmr update /components/StudentDashboard.tsx, /components/PdfView.tsx
4:32:25 AM [vite] (client) hmr update /components/StudentDashboard.tsx
/AdminDashboard.tsx, /components/StudentAiAssistant.tsx, /components/SyllabusManager.tsx, /components/admin/ChallengeCreator20.tsx, /components/PdfView.tsx, /components/RevisionHub.tsx, /components/admin/FeatureAccessPage.tsx
3:22:32 AM [vite] (client) hmr update /App.tsx, /components/SubjectSelection.tsx, /components/StudentDashboard.tsx, /components/AdminDashboard.tsx, /components/StudentAiAssistant.tsx, /components/SyllabusManager.tsx, /components/admin/ChallengeCreator20.tsx, /components/PdfView.tsx, /components/RevisionHub.tsx, /components/admin/FeatureAccessPage.tsx
4:18:47 AM [vite] (client) hmr update /components/StudentDashboard.tsx, /components/PdfView.tsx, /components/admin/FeatureGroupList.tsx
4:19:26 AM [vite] (client) hmr update /components/admin/FeatureAccessPage.tsx
4:30:18 AM [vite] (client) hmr update /components/StudentDashboard.tsx, /components/PdfView.tsx
4:32:25 AM [vite] (client) hmr update /components/StudentDashboard.tsx
