
> students@0.0.0 dev
> vite


  VITE v6.4.1  ready in 222 ms

  ➜  Local:   http://localhost:5000/
  ➜  Network: http://192.168.0.2:5000/
[BABEL] Note: The code generator has deoptimised the styling of /app/components/AdminDashboard.tsx as it exceeds the max of 500KB.
5:45:58 AM [vite] (client) hmr update /components/RevisionHub.tsx
5:46:34 AM [vite] (client) hmr update /components/RevisionHub.tsx
5:47:19 AM [vite] (client) hmr update /components/RevisionHub.tsx
5:48:28 AM [vite] (client) hmr update /components/RevisionHub.tsx
5:55:10 AM [vite] (client) hmr update /components/StudentDashboard.tsx
6:34:46 AM [vite] (client) hmr update /components/FloatingActionMenu.tsx
7:01:50 AM [vite] (client) hmr update /components/StudentDashboard.tsx
7:01:50 AM [vite] (client) hmr update /components/StudentDashboard.tsx
7:21:00 AM [vite] (client) hmr update /components/StudentDashboard.tsx
7:21:26 AM [vite] (client) hmr update /components/MarksheetCard.tsx
7:22:49 AM [vite] (client) hmr update /components/MarksheetCard.tsx
7:24:38 AM [vite] (client) hmr update /components/MarksheetCard.tsx
7:25:58 AM [vite] (client) hmr update /components/MarksheetCard.tsx
7:26:49 AM [vite] (client) hmr update /components/MarksheetCard.tsx
7:28:43 AM [vite] (client) hmr update /components/MarksheetCard.tsx
7:30:46 AM [vite] (client) hmr update /components/MarksheetCard.tsx
7:55:54 AM [vite] (client) hmr update /components/MarksheetCard.tsx
8:21:49 AM [vite] (client) hmr update /components/MarksheetCard.tsx
8:25:25 AM [vite] (client) hmr update /components/StudentDashboard.tsx
8:35:08 AM [vite] (client) hmr update /components/AdminDashboard.tsx
8:38:28 AM [vite] (client) hmr update /components/AdminPowerManager.tsx
8:39:12 AM [vite] (client) hmr update /components/Store.tsx
8:46:30 AM [vite] (client) hmr update /components/AdminDashboard.tsx
8:48:02 AM [vite] (client) hmr update /components/AdminDashboard.tsx
8:52:17 AM [vite] (client) hmr update /components/StudentDashboard.tsx
9:06:37 AM [vite] (client) hmr update /App.tsx, /components/SubjectSelection.tsx, /components/StudentDashboard.tsx, /components/AdminDashboard.tsx, /components/StudentAiAssistant.tsx, /components/SyllabusManager.tsx, /components/admin/ChallengeCreator20.tsx, /components/RevisionHub.tsx, /components/admin/NstaFeatureManager.tsx
9:14:22 AM [vite] (client) hmr update /components/AdminDashboard.tsx
9:17:13 AM [vite] (client) hmr update /components/AdminDashboard.tsx
9:38:07 AM [vite] (client) hmr update /components/RevisionHub.tsx
9:51:23 AM [vite] (client) hmr update /components/AdminPowerManager.tsx
9:55:24 AM [vite] (client) hmr update /components/Store.tsx
10:05:33 AM [vite] (client) hmr update /components/Store.tsx
10:12:21 AM [vite] (client) hmr update /components/Store.tsx
10:17:08 AM [vite] (client) hmr update /components/AdminDashboard.tsx
10:21:45 AM [vite] (client) hmr update /components/AdminDashboard.tsx
10:25:16 AM [vite] (client) hmr update /components/AdminDashboard.tsx
10:47:45 AM [vite] (client) hmr update /components/MarksheetCard.tsx
10:50:17 AM [vite] (client) hmr update /components/AdminDashboard.tsx
11:16:37 AM [vite] (client) hmr update /components/AdminDashboard.tsx
11:22:19 AM [vite] (client) hmr update /components/StudentDashboard.tsx, /components/MarksheetCard.tsx, /components/PdfView.tsx, /components/McqView.tsx, /components/RevisionHub.tsx, /components/FloatingActionMenu.tsx, /components/admin/FeatureAccessPage.tsx, /components/admin/FeatureGroupList.tsx
12:00:12 PM [vite] (client) hmr update /components/AdminPowerManager.tsx
12:05:24 PM [vite] (client) hmr update /components/StudentDashboard.tsx, /components/MarksheetCard.tsx, /components/PdfView.tsx, /components/McqView.tsx, /components/RevisionHub.tsx, /components/FloatingActionMenu.tsx, /components/admin/FeatureAccessPage.tsx, /components/admin/FeatureGroupList.tsx
12:08:22 PM [vite] (client) hmr update /components/AdminDashboard.tsx
12:20:13 PM [vite] (client) hmr update /components/MarksheetCard.tsx
12:21:39 PM [vite] (client) hmr update /components/MarksheetCard.tsx
